{
  "stats": {
    "suites": 3,
    "tests": 8,
    "passes": 8,
    "pending": 0,
    "failures": 0,
    "start": "2025-04-18T15:56:32.786Z",
    "end": "2025-04-18T15:56:53.141Z",
    "duration": 20355,
    "testsRegistered": 8,
    "passPercent": 100,
    "pendingPercent": 0,
    "other": 0,
    "hasOther": false,
    "skipped": 0,
    "hasSkipped": false
  },
  "results": [
    {
      "uuid": "7261c046-ac3e-4c97-bd38-9c3ac252802d",
      "title": "",
      "fullFile": "",
      "file": "",
      "beforeHooks": [],
      "afterHooks": [],
      "tests": [],
      "suites": [
        {
          "uuid": "edd5d9c0-3c4b-47d9-b339-819c1ad22b58",
          "title": "Google Search Test",
          "fullFile": "C:\\Users\\User ID\\Desktop\\belajar qa\\webuiauto_digitalskola\\web ui test\\tests\\test-sauce.js",
          "file": "\\tests\\test-sauce.js",
          "beforeHooks": [],
          "afterHooks": [],
          "tests": [
            {
              "title": "Visit SauceDemo dan cek page title",
              "fullTitle": "Google Search Test Visit SauceDemo dan cek page title",
              "timedOut": false,
              "duration": 4852,
              "state": "passed",
              "speed": "slow",
              "pass": true,
              "fail": false,
              "pending": false,
              "context": null,
              "code": "driver = await new Builder().forBrowser('chrome').build();\nawait driver.get('https://www.saucedemo.com');\nconst title = await driver.getTitle();\nawait driver.quit();",
              "err": {},
              "uuid": "e3113a8a-3dd9-4050-98ce-53f860e8e3dc",
              "parentUUID": "edd5d9c0-3c4b-47d9-b339-819c1ad22b58",
              "isHook": false,
              "skipped": false
            }
          ],
          "suites": [],
          "passes": [
            "e3113a8a-3dd9-4050-98ce-53f860e8e3dc"
          ],
          "failures": [],
          "pending": [],
          "skipped": [],
          "duration": 4852,
          "root": false,
          "rootEmpty": false,
          "_timeout": 60000
        },
        {
          "uuid": "3f1173fa-1fbc-49a1-892c-46cb2749b1f3",
          "title": "SauceDemo Functional Tests (Firefox)",
          "fullFile": "C:\\Users\\User ID\\Desktop\\belajar qa\\webuiauto_digitalskola\\web ui test\\tests\\tugas-hooks.js",
          "file": "\\tests\\tugas-hooks.js",
          "beforeHooks": [
            {
              "title": "\"before all\" hook in \"SauceDemo Functional Tests (Firefox)\"",
              "fullTitle": "SauceDemo Functional Tests (Firefox) \"before all\" hook in \"SauceDemo Functional Tests (Firefox)\"",
              "timedOut": false,
              "duration": 4467,
              "state": null,
              "speed": null,
              "pass": false,
              "fail": false,
              "pending": false,
              "context": null,
              "code": "// Initialize Firefox browser before the entire test suite starts\nconsole.log('Test suite setup: Initializing Firefox WebDriver...');\ndriver = await new Builder().forBrowser('firefox').build();",
              "err": {},
              "uuid": "74f2d969-fa4b-4ae0-8308-20ac59ef3fee",
              "parentUUID": "3f1173fa-1fbc-49a1-892c-46cb2749b1f3",
              "isHook": true,
              "skipped": false
            },
            {
              "title": "\"before each\" hook in \"SauceDemo Functional Tests (Firefox)\"",
              "fullTitle": "SauceDemo Functional Tests (Firefox) \"before each\" hook in \"SauceDemo Functional Tests (Firefox)\"",
              "timedOut": false,
              "duration": 423,
              "state": null,
              "speed": null,
              "pass": false,
              "fail": false,
              "pending": false,
              "context": null,
              "code": "// Navigate to SauceDemo homepage and log in\nconsole.log('Preparing test case: Navigating to SauceDemo homepage...');\nawait driver.get('https://www.saucedemo.com');\nawait driver.findElement(By.id('user-name')).sendKeys('standard_user');\nawait driver.findElement(By.id('password')).sendKeys('secret_sauce');\nawait driver.findElement(By.id('login-button')).click();\nawait driver.wait(until.elementLocated(By.className('inventory_list')), 10000);",
              "err": {},
              "uuid": "147a0ca1-0535-4a11-ac3e-7633cc79ee56",
              "parentUUID": "3f1173fa-1fbc-49a1-892c-46cb2749b1f3",
              "isHook": true,
              "skipped": false
            }
          ],
          "afterHooks": [
            {
              "title": "\"after all\" hook in \"SauceDemo Functional Tests (Firefox)\"",
              "fullTitle": "SauceDemo Functional Tests (Firefox) \"after all\" hook in \"SauceDemo Functional Tests (Firefox)\"",
              "timedOut": false,
              "duration": 1060,
              "state": null,
              "speed": null,
              "pass": false,
              "fail": false,
              "pending": false,
              "context": null,
              "code": "// Close Firefox after the entire test suite ends\nconsole.log('Test suite cleanup: Closing Firefox WebDriver...');\nawait driver.quit();",
              "err": {},
              "uuid": "c7e7e08f-ad46-4ff8-b674-aac23de5e746",
              "parentUUID": "3f1173fa-1fbc-49a1-892c-46cb2749b1f3",
              "isHook": true,
              "skipped": false
            },
            {
              "title": "\"after each\" hook in \"SauceDemo Functional Tests (Firefox)\"",
              "fullTitle": "SauceDemo Functional Tests (Firefox) \"after each\" hook in \"SauceDemo Functional Tests (Firefox)\"",
              "timedOut": false,
              "duration": 436,
              "state": null,
              "speed": null,
              "pass": false,
              "fail": false,
              "pending": false,
              "context": null,
              "code": "// Log out after each test case\nconsole.log('Cleaning up after test case: Logging out...');\nconst menuButton = await driver.findElement(By.id('react-burger-menu-btn'));\nawait menuButton.click();\nconst logoutLink = await driver.wait(\n    until.elementLocated(By.id('logout_sidebar_link')),\n    5000\n);\nawait logoutLink.click();",
              "err": {},
              "uuid": "9a54d6bd-0e81-44e8-ba83-a951b296a701",
              "parentUUID": "3f1173fa-1fbc-49a1-892c-46cb2749b1f3",
              "isHook": true,
              "skipped": false
            }
          ],
          "tests": [
            {
              "title": "should login successfully",
              "fullTitle": "SauceDemo Functional Tests (Firefox) should login successfully",
              "timedOut": false,
              "duration": 17,
              "state": "passed",
              "speed": "fast",
              "pass": true,
              "fail": false,
              "pending": false,
              "context": null,
              "code": "console.log('Executing test: Validating successful login...');\nconst inventoryHeader = await driver.wait(\n    until.elementLocated(By.className('title')),\n    5000\n);\nconst headerText = await inventoryHeader.getText();\nassert.strictEqual(headerText, 'Products');",
              "err": {},
              "uuid": "e7c0f3eb-ac92-453c-811d-2e02564c5d90",
              "parentUUID": "3f1173fa-1fbc-49a1-892c-46cb2749b1f3",
              "isHook": false,
              "skipped": false
            },
            {
              "title": "should sort products A-Z",
              "fullTitle": "SauceDemo Functional Tests (Firefox) should sort products A-Z",
              "timedOut": false,
              "duration": 935,
              "state": "passed",
              "speed": "slow",
              "pass": true,
              "fail": false,
              "pending": false,
              "context": null,
              "code": "console.log('Executing test: Validating product sorting...');\nconst sortDropdown = await driver.wait(\n    until.elementLocated(By.className('product_sort_container')),\n    5000\n);\nawait sortDropdown.click();\nawait sortDropdown.findElement(By.css('option[value=\"az\"]')).click();\nconst productNames = await driver.findElements(By.className('inventory_item_name'));\nconst names = await Promise.all(productNames.map(async (element) => await element.getText()));\nconst sortedNames = [...names].sort();\nassert.deepStrictEqual(names, sortedNames, 'Products are not sorted alphabetically A-Z');",
              "err": {},
              "uuid": "7652b0bb-775d-4d76-bc04-2636e0402442",
              "parentUUID": "3f1173fa-1fbc-49a1-892c-46cb2749b1f3",
              "isHook": false,
              "skipped": false
            },
            {
              "title": "should verify page titles on navigation",
              "fullTitle": "SauceDemo Functional Tests (Firefox) should verify page titles on navigation",
              "timedOut": false,
              "duration": 255,
              "state": "passed",
              "speed": "slow",
              "pass": true,
              "fail": false,
              "pending": false,
              "context": null,
              "code": "console.log('Executing test: Validating page titles...');\n// Check title on inventory page\nconst inventoryTitle = await driver.getTitle();\nassert.strictEqual(inventoryTitle, 'Swag Labs', 'Inventory page title mismatch');\n// Navigate to cart page and validate title\nawait driver.findElement(By.className('shopping_cart_link')).click();\nconst cartTitle = await driver.getTitle();\nassert.strictEqual(cartTitle, 'Swag Labs', 'Cart page title mismatch');",
              "err": {},
              "uuid": "bb64561f-f591-435b-899f-5138a58a1cc1",
              "parentUUID": "3f1173fa-1fbc-49a1-892c-46cb2749b1f3",
              "isHook": false,
              "skipped": false
            },
            {
              "title": "should verify item details on product page",
              "fullTitle": "SauceDemo Functional Tests (Firefox) should verify item details on product page",
              "timedOut": false,
              "duration": 265,
              "state": "passed",
              "speed": "slow",
              "pass": true,
              "fail": false,
              "pending": false,
              "context": null,
              "code": "console.log('Executing test: Validating item details on product page...');\n// Select first item on inventory page\nconst firstItem = await driver.findElement(By.className('inventory_item_name'));\nconst itemName = await firstItem.getText();\nawait firstItem.click();\n// Validate product details\nconst productTitle = await driver.wait(until.elementLocated(By.className('inventory_details_name')), 5000);\nconst productTitleText = await productTitle.getText();\nassert.strictEqual(productTitleText, itemName, 'Product name mismatch on details page');",
              "err": {},
              "uuid": "3fa8e1c0-385b-40de-bfca-725d83fc60cb",
              "parentUUID": "3f1173fa-1fbc-49a1-892c-46cb2749b1f3",
              "isHook": false,
              "skipped": false
            },
            {
              "title": "should add items to cart",
              "fullTitle": "SauceDemo Functional Tests (Firefox) should add items to cart",
              "timedOut": false,
              "duration": 291,
              "state": "passed",
              "speed": "slow",
              "pass": true,
              "fail": false,
              "pending": false,
              "context": null,
              "code": "console.log('Executing test: Adding items to cart...');\n// Add first item to cart\nconst addToCartButton = await driver.findElement(By.className('btn_inventory'));\nawait addToCartButton.click();\n// Verify cart count\nconst cartBadge = await driver.wait(until.elementLocated(By.className('shopping_cart_badge')), 5000);\nconst cartCount = await cartBadge.getText();\nassert.strictEqual(cartCount, '1', 'Cart count mismatch after adding item');",
              "err": {},
              "uuid": "dec44f71-ae68-43ea-873d-bce5337ff4ef",
              "parentUUID": "3f1173fa-1fbc-49a1-892c-46cb2749b1f3",
              "isHook": false,
              "skipped": false
            }
          ],
          "suites": [],
          "passes": [
            "e7c0f3eb-ac92-453c-811d-2e02564c5d90",
            "7652b0bb-775d-4d76-bc04-2636e0402442",
            "bb64561f-f591-435b-899f-5138a58a1cc1",
            "3fa8e1c0-385b-40de-bfca-725d83fc60cb",
            "dec44f71-ae68-43ea-873d-bce5337ff4ef"
          ],
          "failures": [],
          "pending": [],
          "skipped": [],
          "duration": 1763,
          "root": false,
          "rootEmpty": false,
          "_timeout": 60000
        },
        {
          "uuid": "f209e864-0e0f-451a-afce-dfc5b5351231",
          "title": "SauceDemo Functional Tests",
          "fullFile": "C:\\Users\\User ID\\Desktop\\belajar qa\\webuiauto_digitalskola\\web ui test\\tests\\tugas-webui.js",
          "file": "\\tests\\tugas-webui.js",
          "beforeHooks": [
            {
              "title": "\"before all\" hook in \"SauceDemo Functional Tests\"",
              "fullTitle": "SauceDemo Functional Tests \"before all\" hook in \"SauceDemo Functional Tests\"",
              "timedOut": false,
              "duration": 903,
              "state": null,
              "speed": null,
              "pass": false,
              "fail": false,
              "pending": false,
              "context": null,
              "code": "driver = await new Builder().forBrowser('chrome').build();",
              "err": {},
              "uuid": "02c234a8-c144-4af0-b8c9-e18f3f2430b3",
              "parentUUID": "f209e864-0e0f-451a-afce-dfc5b5351231",
              "isHook": true,
              "skipped": false
            }
          ],
          "afterHooks": [
            {
              "title": "\"after all\" hook in \"SauceDemo Functional Tests\"",
              "fullTitle": "SauceDemo Functional Tests \"after all\" hook in \"SauceDemo Functional Tests\"",
              "timedOut": false,
              "duration": 285,
              "state": null,
              "speed": null,
              "pass": false,
              "fail": false,
              "pending": false,
              "context": null,
              "code": "await driver.quit();",
              "err": {},
              "uuid": "d86dee18-9070-4705-a6d6-fda6ca036d18",
              "parentUUID": "f209e864-0e0f-451a-afce-dfc5b5351231",
              "isHook": true,
              "skipped": false
            }
          ],
          "tests": [
            {
              "title": "should login successfully",
              "fullTitle": "SauceDemo Functional Tests should login successfully",
              "timedOut": false,
              "duration": 1218,
              "state": "passed",
              "speed": "slow",
              "pass": true,
              "fail": false,
              "pending": false,
              "context": null,
              "code": "await driver.get('https://www.saucedemo.com');\n// Enter username and password\nawait driver.findElement(By.id('user-name')).sendKeys('standard_user');\nawait driver.findElement(By.id('password')).sendKeys('secret_sauce');\n// Click login button\nawait driver.findElement(By.id('login-button')).click();\n// Validate successful login by checking presence of inventory page\nconst inventoryHeader = await driver.wait(\n    until.elementLocated(By.className('title')),\n    5000\n);\nconst headerText = await inventoryHeader.getText();\nassert.strictEqual(headerText, 'Products');",
              "err": {},
              "uuid": "9c5f18bd-ae90-4f77-8192-f8a622cdd02a",
              "parentUUID": "f209e864-0e0f-451a-afce-dfc5b5351231",
              "isHook": false,
              "skipped": false
            },
            {
              "title": "should sort products A-Z",
              "fullTitle": "SauceDemo Functional Tests should sort products A-Z",
              "timedOut": false,
              "duration": 211,
              "state": "passed",
              "speed": "slow",
              "pass": true,
              "fail": false,
              "pending": false,
              "context": null,
              "code": "// Select the sorting dropdown and choose \"A-Z\"\nconst sortDropdown = await driver.findElement(By.className('product_sort_container'));\nawait sortDropdown.click();\nawait sortDropdown.findElement(By.css('option[value=\"az\"]')).click();\n// Validate sorting\nconst productNames = await driver.findElements(By.className('inventory_item_name'));\nconst names = await Promise.all(productNames.map(async (element) => await element.getText()));\nconst sortedNames = [...names].sort(); // Sort names alphabetically\nassert.deepStrictEqual(names, sortedNames, 'Products are not sorted alphabetically A-Z');",
              "err": {},
              "uuid": "f9178ebe-ff97-4522-9a08-4947542b726d",
              "parentUUID": "f209e864-0e0f-451a-afce-dfc5b5351231",
              "isHook": false,
              "skipped": false
            }
          ],
          "suites": [],
          "passes": [
            "9c5f18bd-ae90-4f77-8192-f8a622cdd02a",
            "f9178ebe-ff97-4522-9a08-4947542b726d"
          ],
          "failures": [],
          "pending": [],
          "skipped": [],
          "duration": 1429,
          "root": false,
          "rootEmpty": false,
          "_timeout": 60000
        }
      ],
      "passes": [],
      "failures": [],
      "pending": [],
      "skipped": [],
      "duration": 0,
      "root": true,
      "rootEmpty": true,
      "_timeout": 60000
    }
  ],
  "meta": {
    "mocha": {
      "version": "10.8.2"
    },
    "mochawesome": {
      "options": {
        "quiet": false,
        "reportFilename": "mochawesome",
        "saveHtml": true,
        "saveJson": true,
        "consoleReporter": "spec",
        "useInlineDiffs": false,
        "code": true
      },
      "version": "7.1.3"
    },
    "marge": {
      "options": {
        "output": "reports_hooks"
      },
      "version": "6.2.0"
    }
  }
}