{
  "stats": {
    "suites": 1,
    "tests": 2,
    "passes": 2,
    "pending": 0,
    "failures": 0,
    "start": "2025-04-18T14:28:30.397Z",
    "end": "2025-04-18T14:28:33.395Z",
    "duration": 2998,
    "testsRegistered": 2,
    "passPercent": 100,
    "pendingPercent": 0,
    "other": 0,
    "hasOther": false,
    "skipped": 0,
    "hasSkipped": false
  },
  "results": [
    {
      "uuid": "5a7fe863-df0d-479a-a559-f5b0ef2043af",
      "title": "",
      "fullFile": "C:\\Users\\User ID\\Desktop\\belajar qa\\web ui test\\tests\\tugas-webui.js",
      "file": "\\tests\\tugas-webui.js",
      "beforeHooks": [],
      "afterHooks": [],
      "tests": [],
      "suites": [
        {
          "uuid": "f65fa2d2-8b25-4840-bb84-00076f6bd178",
          "title": "SauceDemo Functional Tests",
          "fullFile": "C:\\Users\\User ID\\Desktop\\belajar qa\\web ui test\\tests\\tugas-webui.js",
          "file": "\\tests\\tugas-webui.js",
          "beforeHooks": [
            {
              "title": "\"before all\" hook in \"SauceDemo Functional Tests\"",
              "fullTitle": "SauceDemo Functional Tests \"before all\" hook in \"SauceDemo Functional Tests\"",
              "timedOut": false,
              "duration": 1119,
              "state": null,
              "speed": null,
              "pass": false,
              "fail": false,
              "pending": false,
              "context": null,
              "code": "driver = await new Builder().forBrowser('chrome').build();",
              "err": {},
              "uuid": "89b33ee5-79ff-4b9d-9b10-5026016e42bf",
              "parentUUID": "f65fa2d2-8b25-4840-bb84-00076f6bd178",
              "isHook": true,
              "skipped": false
            }
          ],
          "afterHooks": [
            {
              "title": "\"after all\" hook in \"SauceDemo Functional Tests\"",
              "fullTitle": "SauceDemo Functional Tests \"after all\" hook in \"SauceDemo Functional Tests\"",
              "timedOut": false,
              "duration": 260,
              "state": null,
              "speed": null,
              "pass": false,
              "fail": false,
              "pending": false,
              "context": null,
              "code": "await driver.quit();",
              "err": {},
              "uuid": "0379d229-5e25-49cc-9221-f5be6e55f304",
              "parentUUID": "f65fa2d2-8b25-4840-bb84-00076f6bd178",
              "isHook": true,
              "skipped": false
            }
          ],
          "tests": [
            {
              "title": "should login successfully",
              "fullTitle": "SauceDemo Functional Tests should login successfully",
              "timedOut": false,
              "duration": 1402,
              "state": "passed",
              "speed": "slow",
              "pass": true,
              "fail": false,
              "pending": false,
              "context": null,
              "code": "await driver.get('https://www.saucedemo.com');\n// Enter username and password\nawait driver.findElement(By.id('user-name')).sendKeys('standard_user');\nawait driver.findElement(By.id('password')).sendKeys('secret_sauce');\n// Click login button\nawait driver.findElement(By.id('login-button')).click();\n// Validate successful login by checking presence of inventory page\nconst inventoryHeader = await driver.wait(\n    until.elementLocated(By.className('title')),\n    5000\n);\nconst headerText = await inventoryHeader.getText();\nassert.strictEqual(headerText, 'Products');",
              "err": {},
              "uuid": "69e2509b-28a7-480f-b6ce-ffd305539f2f",
              "parentUUID": "f65fa2d2-8b25-4840-bb84-00076f6bd178",
              "isHook": false,
              "skipped": false
            },
            {
              "title": "should sort products A-Z",
              "fullTitle": "SauceDemo Functional Tests should sort products A-Z",
              "timedOut": false,
              "duration": 203,
              "state": "passed",
              "speed": "slow",
              "pass": true,
              "fail": false,
              "pending": false,
              "context": null,
              "code": "// Select the sorting dropdown and choose \"A-Z\"\nconst sortDropdown = await driver.findElement(By.className('product_sort_container'));\nawait sortDropdown.click();\nawait sortDropdown.findElement(By.css('option[value=\"az\"]')).click();\n// Validate sorting\nconst productNames = await driver.findElements(By.className('inventory_item_name'));\nconst names = await Promise.all(productNames.map(async (element) => await element.getText()));\nconst sortedNames = [...names].sort(); // Sort names alphabetically\nassert.deepStrictEqual(names, sortedNames, 'Products are not sorted alphabetically A-Z');",
              "err": {},
              "uuid": "444ccb80-d2aa-4c17-bf85-1cb736e09997",
              "parentUUID": "f65fa2d2-8b25-4840-bb84-00076f6bd178",
              "isHook": false,
              "skipped": false
            }
          ],
          "suites": [],
          "passes": [
            "69e2509b-28a7-480f-b6ce-ffd305539f2f",
            "444ccb80-d2aa-4c17-bf85-1cb736e09997"
          ],
          "failures": [],
          "pending": [],
          "skipped": [],
          "duration": 1605,
          "root": false,
          "rootEmpty": false,
          "_timeout": 60000
        }
      ],
      "passes": [],
      "failures": [],
      "pending": [],
      "skipped": [],
      "duration": 0,
      "root": true,
      "rootEmpty": true,
      "_timeout": 60000
    }
  ],
  "meta": {
    "mocha": {
      "version": "10.8.2"
    },
    "mochawesome": {
      "options": {
        "quiet": false,
        "reportFilename": "mochawesome",
        "saveHtml": true,
        "saveJson": true,
        "consoleReporter": "spec",
        "useInlineDiffs": false,
        "code": true
      },
      "version": "7.1.3"
    },
    "marge": {
      "options": null,
      "version": "6.2.0"
    }
  }
}